<?xml version="1.0" encoding="UTF-8"?>
<testng-results ignored="0" total="1" passed="1" failed="0" skipped="0">
  <reporter-output>
  </reporter-output>
  <suite started-at="2023-10-01T11:57:26Z" name="Surefire suite" finished-at="2023-10-01T11:57:35Z" duration-ms="9576">
    <groups>
    </groups>
    <test started-at="2023-10-01T11:57:26Z" name="Surefire test" finished-at="2023-10-01T11:57:35Z" duration-ms="9576">
      <class name="com.learnautomation.testcases.LoginTest">
        <test-method is-config="true" signature="setUpSuite()[pri:0, instance:com.learnautomation.testcases.LoginTest@c730b35]" started-at="2023-10-01T17:27:25Z" name="setUpSuite" finished-at="2023-10-01T17:27:26Z" duration-ms="512" status="PASS">
          <reporter-output>
          </reporter-output>
        </test-method> <!-- setUpSuite -->
        <test-method is-config="true" signature="setup()[pri:0, instance:com.learnautomation.testcases.LoginTest@c730b35]" started-at="2023-10-01T17:27:26Z" name="setup" finished-at="2023-10-01T17:27:30Z" duration-ms="4343" status="PASS">
          <reporter-output>
          </reporter-output>
        </test-method> <!-- setup -->
        <test-method signature="loginApp()[pri:0, instance:com.learnautomation.testcases.LoginTest@c730b35]" started-at="2023-10-01T17:27:30Z" name="loginApp" finished-at="2023-10-01T17:27:32Z" duration-ms="2147" status="PASS">
          <reporter-output>
          </reporter-output>
        </test-method> <!-- loginApp -->
        <test-method is-config="true" signature="tearDownMethod()[pri:0, instance:com.learnautomation.testcases.LoginTest@c730b35]" started-at="2023-10-01T17:27:32Z" name="tearDownMethod" finished-at="2023-10-01T17:27:32Z" duration-ms="76" status="PASS">
          <reporter-output>
          </reporter-output>
        </test-method> <!-- tearDownMethod -->
        <test-method is-config="true" signature="tearDown()[pri:0, instance:com.learnautomation.testcases.LoginTest@c730b35]" started-at="2023-10-01T17:27:32Z" name="tearDown" finished-at="2023-10-01T17:27:35Z" duration-ms="3005" status="PASS">
          <reporter-output>
          </reporter-output>
        </test-method> <!-- tearDown -->
      </class> <!-- com.learnautomation.testcases.LoginTest -->
    </test> <!-- Surefire test -->
  </suite> <!-- Surefire suite -->
</testng-results>
