<?xml version="1.0" encoding="UTF-8"?>
<testng-results ignored="0" total="1" passed="1" failed="0" skipped="0">
  <reporter-output>
  </reporter-output>
  <suite started-at="2023-09-30T09:12:53Z" name="Default suite" finished-at="2023-09-30T09:13:01Z" duration-ms="8128">
    <groups>
    </groups>
    <test started-at="2023-09-30T09:12:53Z" name="Default test" finished-at="2023-09-30T09:13:01Z" duration-ms="8128">
      <class name="com.learnautomation.testcases.LoginTest">
        <test-method is-config="true" signature="setUpSuite()[pri:0, instance:com.learnautomation.testcases.LoginTest@4ebff610]" started-at="2023-09-30T14:42:53Z" name="setUpSuite" finished-at="2023-09-30T14:42:53Z" duration-ms="468" status="PASS">
          <reporter-output>
          </reporter-output>
        </test-method> <!-- setUpSuite -->
        <test-method is-config="true" signature="setup()[pri:0, instance:com.learnautomation.testcases.LoginTest@4ebff610]" started-at="2023-09-30T14:42:53Z" name="setup" finished-at="2023-09-30T14:42:57Z" duration-ms="3240" status="PASS">
          <reporter-output>
          </reporter-output>
        </test-method> <!-- setup -->
        <test-method signature="loginApp()[pri:0, instance:com.learnautomation.testcases.LoginTest@4ebff610]" started-at="2023-09-30T14:42:57Z" name="loginApp" finished-at="2023-09-30T14:42:59Z" duration-ms="2110" status="PASS">
          <reporter-output>
          </reporter-output>
        </test-method> <!-- loginApp -->
        <test-method is-config="true" signature="tearDownMethod()[pri:0, instance:com.learnautomation.testcases.LoginTest@4ebff610]" started-at="2023-09-30T14:42:59Z" name="tearDownMethod" finished-at="2023-09-30T14:42:59Z" duration-ms="44" status="PASS">
          <reporter-output>
          </reporter-output>
        </test-method> <!-- tearDownMethod -->
        <test-method is-config="true" signature="tearDown()[pri:0, instance:com.learnautomation.testcases.LoginTest@4ebff610]" started-at="2023-09-30T14:42:59Z" name="tearDown" finished-at="2023-09-30T14:43:01Z" duration-ms="2723" status="PASS">
          <reporter-output>
          </reporter-output>
        </test-method> <!-- tearDown -->
      </class> <!-- com.learnautomation.testcases.LoginTest -->
    </test> <!-- Default test -->
  </suite> <!-- Default suite -->
</testng-results>
